[11/07/24 19:49:44] [01;34mOutput Directory[0m : /mnt/e/company_selection/biostate_ai/rnaseq-basic/trial_wo_annot
[11/07/24 19:49:44] [01;34mInput Directory[0m  : /mnt/e/company_selection/biostate_ai/trial
[11/07/24 19:49:44] [01;34mGTF[0m : /mnt/e/company_selection/biostate_ai/ref_files/gencode.vM35.basic.annotation.gtf
[11/07/24 19:49:44] [01;34mLogfile[0m : /mnt/e/company_selection/biostate_ai/rnaseq-basic/pipeline.log
[11/07/24 19:49:44] [01;34mReference[0m : /mnt/e/company_selection/biostate_ai/ref_files/GRCm39.primary_assembly.genome.fa
[11/07/24 19:49:44] Annotation for HISAT2 index building [0;31mdisabled[0m
[11/07/24 19:49:44] QC[0;31m disabled[0m
[11/07/24 19:49:44] FASTP[0;31m disabled[0m
[11/07/24 19:49:44] Preparing for HISAT2 index building ...
[11/07/24 19:49:44] Reference file splitting is needed.
[11/07/24 19:49:44] Available System RAM: 23724 MiB
[11/07/24 19:49:44] Size of Split FASTA Reference: 439 MiB
[11/07/24 19:49:44] [[0;35msplitFASTA[0m] Splitting the FASTA Reference sequence ...
[11/07/24 19:51:32] [[0;35msplitFASTA[0m] Splitting FASTA file successful. Runtime: 108 s
[11/07/24 19:51:32] [[0;35msplitFASTA[0m] Original FASTA file was splitted into 7 parts.
[11/07/24 19:51:32] [[0;35mhisat2-index-build[0m] Building HISAT2 index for GRCm39.primary_assembly.genome_split_1 ...
[11/07/24 19:58:39] [[0;35mhisat2-index-build[0m] Index building [0;32msuccessful[0m for GRCm39.primary_assembly.genome_split_1. Runtime: 427 s
[11/07/24 19:58:39] [[0;35mhisat2-index-build[0m] Building HISAT2 index for GRCm39.primary_assembly.genome_split_2 ...
[11/07/24 20:04:29] [[0;35mhisat2-index-build[0m] Index building [0;32msuccessful[0m for GRCm39.primary_assembly.genome_split_2. Runtime: 350 s
[11/07/24 20:04:29] [[0;35mhisat2-index-build[0m] Building HISAT2 index for GRCm39.primary_assembly.genome_split_3 ...
[11/07/24 20:13:33] [[0;35mhisat2-index-build[0m] Index building [0;32msuccessful[0m for GRCm39.primary_assembly.genome_split_3. Runtime: 544 s
[11/07/24 20:13:33] [[0;35mhisat2-index-build[0m] Building HISAT2 index for GRCm39.primary_assembly.genome_split_4 ...
[11/07/24 20:20:50] [[0;35mhisat2-index-build[0m] Index building [0;32msuccessful[0m for GRCm39.primary_assembly.genome_split_4. Runtime: 437 s
[11/07/24 20:20:50] [[0;35mhisat2-index-build[0m] Building HISAT2 index for GRCm39.primary_assembly.genome_split_5 ...
[11/07/24 20:27:27] [[0;35mhisat2-index-build[0m] Index building [0;32msuccessful[0m for GRCm39.primary_assembly.genome_split_5. Runtime: 397 s
[11/07/24 20:27:27] [[0;35mhisat2-index-build[0m] Building HISAT2 index for GRCm39.primary_assembly.genome_split_6 ...
[11/07/24 20:35:26] [[0;35mhisat2-index-build[0m] Index building [0;32msuccessful[0m for GRCm39.primary_assembly.genome_split_6. Runtime: 479 s
[11/07/24 20:35:26] [[0;35mhisat2-index-build[0m] Building HISAT2 index for GRCm39.primary_assembly.genome_split_7 ...
[11/07/24 20:46:59] [[0;35mhisat2-index-build[0m] Index building [0;32msuccessful[0m for GRCm39.primary_assembly.genome_split_7. Runtime: 693 s
[11/07/24 20:47:00] [[0;35mhisat2-index-build[0m] HISAT2 Index building [0;32msuccessful[0m. Runtime: 3328 s
[11/07/24 20:47:00] [[0;35mhisat2-alignment[0m] Processing sample Heart_ZT12_2 ...
[11/07/24 21:23:02] [[0;35mhisat2-alignment[0m] BAM file ready for sample Heart_ZT12_2. Runtime: 2162 s
[11/07/24 21:23:02] [[0;35mhisat2-alignment[0m] Processing sample Liver_ZT12_2 ...
[11/07/24 21:48:35] [[0;35mhisat2-alignment[0m] BAM file ready for sample Liver_ZT12_2. Runtime: 1533 s
[11/07/24 21:48:35] [[0;35mhisat2-alignment[0m] HISAT2 Alignment [0;32msuccessful[0m. Runtime: 3695 s
[11/07/24 21:48:35] Using featureCounts to quantify the BAM files ...
[11/07/24 21:57:53] [[0;35mfeatureCounts[0m] Quantification of BAM files [0;32msuccessful[0m. Runtime: 558 s
