[11/07/24 12:56:15] [01;34mOutput Directory[0m : /mnt/e/company_selection/biostate_ai/rnaseq-basic/trial_output
[11/07/24 12:56:15] [01;34mInput Directory[0m  : /mnt/e/company_selection/biostate_ai/trial
[11/07/24 12:56:15] [01;34mGTF[0m : /mnt/e/company_selection/biostate_ai/ref_files/gencode.vM35.basic.annotation.gtf
[11/07/24 12:56:15] [01;34mLogfile[0m : /mnt/e/company_selection/biostate_ai/rnaseq-basic/pipeline.log
[11/07/24 12:56:15] [01;34mReference[0m : /mnt/e/company_selection/biostate_ai/ref_files/GRCm39.primary_assembly.genome.fa
[11/07/24 12:56:15] Annotation for HISAT2 index building [0;32menabled[0m
[11/07/24 12:56:15] QC[0;32m enabled[0m
[11/07/24 12:56:15] FASTP[0;32m enabled[0m
[11/07/24 12:56:15] Running FASTQC on 16 threads ...
[11/07/24 13:03:49] FASTQC [0;32msuccessful[0m. Runtime: 454 s
[11/07/24 13:03:49] Running MultiQC ...
[11/07/24 13:03:52] MultiQC [0;32msuccessful[0m. Runtime: 3 s
[11/07/24 13:03:52] [[0;35mFastp[0m] Running FASTP with 16 threads ...
[11/07/24 13:05:17] [[0;35mFastp[0m] Fastp [0;32msuccessful[0m for sample Heart_ZT12_2. Runtime: 85 s
[11/07/24 13:06:14] [[0;35mFastp[0m] Fastp [0;32msuccessful[0m for sample Liver_ZT12_2. Runtime: 57 s
[11/07/24 13:06:14] [[0;35mannotation-gtf[0m] Extracting the splice sites and exons from the GTF file ...
[11/07/24 13:06:33] [[0;35mannotation-gtf[0m] Split sites and exons extraction [0;32msuccessful[0m. Runtime: 19 s
[11/07/24 13:06:34] Preparing for HISAT2 index building ...
[11/07/24 13:06:34] Reference file splitting is needed.
[11/07/24 13:06:34] Available System RAM: 23724 MiB
[11/07/24 13:06:34] Size of Split FASTA Reference: 439 MiB
[11/07/24 13:06:34] [[0;35msplitFASTA[0m] Splitting the FASTA Reference sequence ...
[11/07/24 13:08:17] [[0;35msplitFASTA[0m] Splitting FASTA file successful. Runtime: 103 s
[11/07/24 13:08:17] [[0;35msplitFASTA[0m] Original FASTA file was splitted into 7 parts.
[11/07/24 13:08:17] [[0;35mhisat2-index-build[0m] Building HISAT2 index for GRCm39.primary_assembly.genome_split_1 ...
[11/07/24 13:29:48] [[0;35mhisat2-index-build[0m] Index building [0;32msuccessful[0m for GRCm39.primary_assembly.genome_split_1. Runtime: 1291 s
[11/07/24 13:29:48] [[0;35mhisat2-index-build[0m] Building HISAT2 index for GRCm39.primary_assembly.genome_split_2 ...
[11/07/24 13:46:13] [[0;35mhisat2-index-build[0m] Index building [0;32msuccessful[0m for GRCm39.primary_assembly.genome_split_2. Runtime: 985 s
[11/07/24 13:46:13] [[0;35mhisat2-index-build[0m] Building HISAT2 index for GRCm39.primary_assembly.genome_split_3 ...
[11/07/24 14:21:54] [[0;35mhisat2-index-build[0m] Index building [0;32msuccessful[0m for GRCm39.primary_assembly.genome_split_3. Runtime: 2141 s
[11/07/24 14:21:54] [[0;35mhisat2-index-build[0m] Building HISAT2 index for GRCm39.primary_assembly.genome_split_4 ...
[11/07/24 14:42:41] [[0;35mhisat2-index-build[0m] Index building [0;32msuccessful[0m for GRCm39.primary_assembly.genome_split_4. Runtime: 1247 s
[11/07/24 14:42:41] [[0;35mhisat2-index-build[0m] Building HISAT2 index for GRCm39.primary_assembly.genome_split_5 ...
[11/07/24 15:02:34] [[0;35mhisat2-index-build[0m] Index building [0;32msuccessful[0m for GRCm39.primary_assembly.genome_split_5. Runtime: 1193 s
[11/07/24 15:02:34] [[0;35mhisat2-index-build[0m] Building HISAT2 index for GRCm39.primary_assembly.genome_split_6 ...
[11/07/24 15:26:48] [[0;35mhisat2-index-build[0m] Index building [0;32msuccessful[0m for GRCm39.primary_assembly.genome_split_6. Runtime: 1454 s
[11/07/24 15:26:48] [[0;35mhisat2-index-build[0m] Building HISAT2 index for GRCm39.primary_assembly.genome_split_7 ...
[11/07/24 15:51:58] [[0;35mhisat2-index-build[0m] Index building [0;32msuccessful[0m for GRCm39.primary_assembly.genome_split_7. Runtime: 1510 s
[11/07/24 15:51:59] [[0;35mhisat2-index-build[0m] HISAT2 Index building [0;32msuccessful[0m. Runtime: 9822 s
[11/07/24 15:52:00] [[0;35mhisat2-alignment[0m] Processing sample Heart_ZT12_2_trimmed ...
[11/07/24 16:29:07] [[0;35mhisat2-alignment[0m] BAM file ready for sample Heart_ZT12_2_trimmed. Runtime: 2227 s
[11/07/24 16:29:07] [[0;35mhisat2-alignment[0m] Processing sample Liver_ZT12_2_trimmed ...
[11/07/24 16:56:02] [[0;35mhisat2-alignment[0m] BAM file ready for sample Liver_ZT12_2_trimmed. Runtime: 1615 s
[11/07/24 16:56:02] [[0;35mhisat2-alignment[0m] HISAT2 Alignment [0;32msuccessful[0m. Runtime: 3843 s
[11/07/24 16:56:02] Using featureCounts to quantify the BAM files ...
[11/07/24 17:07:10] [[0;35mfeatureCounts[0m] Quantification of BAM files [0;32msuccessful[0m. Runtime: 668 s
